[2026-03-19T05:49:30.727Z] ℹ️  📊 StatsCollector initialized
[2026-03-19T05:49:30.729Z] ℹ️  ✅ SQLite connected: C:\Users\quang\Desktop\abcxyz\html\portfolio\discord-stats-bot\src\database\data\mimi.db
[2026-03-19T05:49:30.730Z] ℹ️  ✅ Đã kết nối MongoDB
[2026-03-19T05:49:30.838Z] ℹ️  ✅ Loaded 9 commands
[2026-03-19T05:49:30.839Z] ℹ️  ✅ Đã load Commands
[2026-03-19T05:49:30.843Z] ℹ️  ✅ Loaded 5 events
[2026-03-19T05:49:30.843Z] ℹ️  ✅ Đã load Events
[2026-03-19T05:49:32.539Z] ℹ️  ✅ Bot logged in as mimiyeu#5298
[2026-03-19T05:49:32.539Z] ℹ️  🎯 Bot is in 1 guilds
[2026-03-19T05:49:32.548Z] ℹ️  🌐 API Server running on http://localhost:3000
[2026-03-19T06:04:15.860Z] ℹ️  📊 StatsCollector initialized
[2026-03-19T06:04:15.862Z] ℹ️  ✅ SQLite connected: C:\Users\quang\Desktop\abcxyz\html\portfolio\discord-stats-bot\src\database\data\mimi.db
[2026-03-19T06:04:15.863Z] ℹ️  ✅ Đã kết nối MongoDB
[2026-03-19T06:04:15.917Z] ℹ️  ✅ Loaded 9 commands
[2026-03-19T06:04:15.918Z] ℹ️  ✅ Đã load Commands
[2026-03-19T06:04:15.920Z] ℹ️  ✅ Loaded 5 events
[2026-03-19T06:04:15.921Z] ℹ️  ✅ Đã load Events
[2026-03-19T06:04:17.538Z] ℹ️  ✅ Bot logged in as mimiyeu#5298
[2026-03-19T06:04:17.539Z] ℹ️  🎯 Bot is in 1 guilds
[2026-03-19T06:04:17.544Z] ℹ️  🌐 API Server running on http://localhost:3000
[2026-03-19T06:06:22.994Z] ℹ️  Command executed: ping by nguynquminhh
[2026-03-19T06:27:06.890Z] ℹ️  📊 StatsCollector initialized
[2026-03-19T06:27:06.893Z] ℹ️  ✅ SQLite connected: C:\Users\quang\Desktop\abcxyz\html\portfolio\discord-stats-bot\src\database\data\mimi.db
[2026-03-19T06:27:06.894Z] ℹ️  ✅ Đã kết nối MongoDB
[2026-03-19T06:27:06.952Z] ℹ️  ✅ Loaded 9 commands
[2026-03-19T06:27:06.953Z] ℹ️  ✅ Đã load Commands
[2026-03-19T06:27:06.956Z] ℹ️  ✅ Loaded 5 events
[2026-03-19T06:27:06.956Z] ℹ️  ✅ Đã load Events
[2026-03-19T06:27:08.361Z] ℹ️  ✅ Bot logged in as mimiyeu#5298
[2026-03-19T06:27:08.361Z] ℹ️  🎯 Bot is in 1 guilds
[2026-03-19T06:27:08.367Z] ℹ️  🌐 API Server running on http://localhost:3000
[2026-03-19T07:01:19.891Z] ℹ️  📊 StatsCollector initialized
[2026-03-19T07:01:19.893Z] ℹ️  ✅ SQLite connected: C:\Users\quang\Desktop\abcxyz\html\portfolio\discord-stats-bot\src\database\data\mimi.db
[2026-03-19T07:01:19.894Z] ℹ️  ✅ Đã kết nối MongoDB
[2026-03-19T07:01:19.963Z] ❌ Failed to load command genshin.js:
Error: Cannot find module 'node-cache'
Require stack:
- C:\Users\quang\Desktop\abcxyz\html\portfolio\discord-stats-bot\src\commands\genshin.js
- C:\Users\quang\Desktop\abcxyz\html\portfolio\discord-stats-bot\src\handlers\commandHandler.js
- C:\Users\quang\Desktop\abcxyz\html\portfolio\discord-stats-bot\index.js
    at Module._resolveFilename (node:internal/modules/cjs/loader:1475:15)
    at wrapResolveFilename (node:internal/modules/cjs/loader:1048:27)
    at defaultResolveImplForCJSLoading (node:internal/modules/cjs/loader:1072:10)
    at resolveForCJSWithHooks (node:internal/modules/cjs/loader:1093:12)
    at Module._load (node:internal/modules/cjs/loader:1261:25)
    at wrapModuleLoad (node:internal/modules/cjs/loader:255:19)
    at Module.require (node:internal/modules/cjs/loader:1575:12)
    at require (node:internal/modules/helpers:191:16)
    at Object.<anonymous> (C:\Users\quang\Desktop\abcxyz\html\portfolio\discord-stats-bot\src\commands\genshin.js:21:19)
    at Module._compile (node:internal/modules/cjs/loader:1829:14)
[2026-03-19T07:01:19.975Z] ℹ️  ✅ Loaded 10 commands
[2026-03-19T07:01:19.976Z] ℹ️  ✅ Đã load Commands
[2026-03-19T07:01:19.981Z] ℹ️  ✅ Loaded 5 events
[2026-03-19T07:01:19.983Z] ℹ️  ✅ Đã load Events
[2026-03-19T07:01:21.610Z] ℹ️  ✅ Bot logged in as mimiyeu#5298
[2026-03-19T07:01:21.610Z] ℹ️  🎯 Bot is in 1 guilds
[2026-03-19T07:01:21.617Z] ℹ️  🌐 API Server running on http://localhost:3000
[2026-03-19T07:01:48.620Z] ℹ️  📊 StatsCollector initialized
[2026-03-19T07:01:48.623Z] ℹ️  ✅ SQLite connected: C:\Users\quang\Desktop\abcxyz\html\portfolio\discord-stats-bot\src\database\data\mimi.db
[2026-03-19T07:01:48.624Z] ℹ️  ✅ Đã kết nối MongoDB
[2026-03-19T07:01:48.678Z] ℹ️  ✅ Loaded 10 commands
[2026-03-19T07:01:48.679Z] ℹ️  ✅ Đã load Commands
[2026-03-19T07:01:48.681Z] ℹ️  ✅ Loaded 5 events
[2026-03-19T07:01:48.682Z] ℹ️  ✅ Đã load Events
[2026-03-19T07:01:50.214Z] ℹ️  ✅ Bot logged in as mimiyeu#5298
[2026-03-19T07:01:50.214Z] ℹ️  🎯 Bot is in 1 guilds
[2026-03-19T07:01:50.220Z] ℹ️  🌐 API Server running on http://localhost:3000
[2026-03-19T07:02:11.802Z] ℹ️  Command executed: genshin by nguynquminhh
[2026-03-19T07:02:23.593Z] ℹ️  Command executed: genshin by nguynquminhh
[2026-03-19T14:55:23.435Z] ℹ️  📊 StatsCollector initialized
[2026-03-19T14:55:23.441Z] ℹ️  ✅ SQLite connected: C:\Users\quang\Desktop\abcxyz\html\portfolio\mimi\src\database\data\mimi.db
[2026-03-19T14:55:23.442Z] ℹ️  ✅ Đã kết nối MongoDB
[2026-03-19T14:55:23.524Z] ℹ️  ✅ Loaded 10 commands
[2026-03-19T14:55:23.525Z] ℹ️  ✅ Đã load Commands
[2026-03-19T14:55:23.528Z] ℹ️  ✅ Loaded 5 events
[2026-03-19T14:55:23.528Z] ℹ️  ✅ Đã load Events
[2026-03-19T14:55:26.166Z] ℹ️  ✅ Bot logged in as mimiyeu#5298
[2026-03-19T14:55:26.166Z] ℹ️  🎯 Bot is in 1 guilds
[2026-03-19T14:55:26.173Z] ℹ️  🌐 API Server running on http://localhost:3000
[2026-03-19T14:57:21.820Z] ℹ️  ✅ Loaded command: calladmin
[2026-03-19T14:57:22.391Z] ℹ️  Command: nguynquminhh used cmd load
[2026-03-19T14:57:22.393Z] ℹ️  Command executed: cmd by nguynquminhh
[2026-03-19T14:57:24.876Z] ℹ️  Command executed: calladmin by nguynquminhh
[2026-03-20T02:32:11.248Z] ℹ️  ✅ Member joined: nguyenminh.2608 in webhook
[2026-03-20T02:32:18.335Z] ℹ️  Command executed: calladmin by nguyenminh.2608
