[2026-03-26T14:26:05.031Z] ℹ️  📊 StatsCollector initialized
[2026-03-26T14:26:05.033Z] ℹ️  ✅ SQLite connected: C:\Users\quang\Desktop\abcxyz\html\portfolio\mimi\src\database\data\mimi.db
[2026-03-26T14:26:05.034Z] ℹ️  ✅ Đã kết nối MongoDB
[2026-03-26T14:26:05.093Z] ℹ️  ✅ Loaded 17 commands
[2026-03-26T14:26:05.094Z] ℹ️  ✅ Đã load Commands
[2026-03-26T14:26:05.097Z] ℹ️  ✅ Loaded 5 events
[2026-03-26T14:26:05.098Z] ℹ️  ✅ Đã load Events
[2026-03-26T14:26:07.767Z] ℹ️  ✅ Bot logged in as mimiyeu#5298
[2026-03-26T14:26:07.767Z] ℹ️  🎯 Bot is in 2 guilds
[2026-03-26T14:26:07.775Z] ℹ️  🌐 API Server running on http://localhost:3000
[2026-03-27T02:01:56.182Z] ℹ️  ✅ Member joined: Naruto Botto#1053 in webhook
[2026-03-27T02:18:44.330Z] ℹ️  ✅ Loaded command: run
[2026-03-27T02:18:44.899Z] ℹ️  Command: nguynquminhh used cmd load
[2026-03-27T02:18:44.903Z] ℹ️  Command executed: cmd by nguynquminhh
[2026-03-27T02:18:50.090Z] ℹ️  Command executed: run by nguynquminhh
[2026-03-27T02:19:56.106Z] ℹ️  Command executed: run by nguynquminhh
[2026-03-27T02:20:02.166Z] ℹ️  Command executed: run by nguynquminhh
[2026-03-27T02:55:44.365Z] ℹ️  ✅ Loaded command: study
[2026-03-27T02:55:44.972Z] ℹ️  Command: nguynquminhh used cmd load
[2026-03-27T02:55:44.975Z] ℹ️  Command executed: cmd by nguynquminhh
[2026-03-27T02:55:46.257Z] ℹ️  Command executed: study by nguynquminhh
[2026-03-27T02:55:55.257Z] ℹ️  Command executed: study by nguynquminhh
[2026-03-27T02:57:23.960Z] ℹ️  ✅ Loaded command: study
[2026-03-27T02:57:24.526Z] ℹ️  Command: nguynquminhh used cmd load
[2026-03-27T02:57:24.528Z] ℹ️  Command executed: cmd by nguynquminhh
[2026-03-27T02:57:44.435Z] ℹ️  Command executed: study by nguynquminhh
[2026-03-27T02:58:43.842Z] ℹ️  Command executed: study by nguynquminhh
[2026-03-27T02:58:47.322Z] ℹ️  Command executed: study by nguynquminhh
[2026-03-27T02:59:01.695Z] ❌ Error executing command study:
Error [ChannelNotCached]: Could not find the channel where this message came from in the cache!
    at Message.reply (C:\Users\quang\Desktop\abcxyz\html\portfolio\mimi\node_modules\discord.js\src\structures\Message.js:958:30)
    at Object.execute (C:\Users\quang\Desktop\abcxyz\html\portfolio\mimi\src\commands\study.js:56:28)
    at async Object.execute (C:\Users\quang\Desktop\abcxyz\html\portfolio\mimi\src\events\messageCreate.js:37:17)
[2026-03-27T02:59:01.696Z] ❌ Error in messageCreate:
Error [ChannelNotCached]: Could not find the channel where this message came from in the cache!
    at Message.reply (C:\Users\quang\Desktop\abcxyz\html\portfolio\mimi\node_modules\discord.js\src\structures\Message.js:958:30)
    at Object.execute (C:\Users\quang\Desktop\abcxyz\html\portfolio\mimi\src\events\messageCreate.js:58:31)
[2026-03-27T03:04:58.205Z] ℹ️  ✅ Loaded command: study
[2026-03-27T03:05:00.274Z] ℹ️  Command: nguynquminhh used cmd load
[2026-03-27T03:05:00.276Z] ℹ️  Command executed: cmd by nguynquminhh
[2026-03-27T03:05:01.752Z] ℹ️  Command executed: study by nguynquminhh
[2026-03-27T03:05:12.015Z] ℹ️  Command executed: study by nguynquminhh
[2026-03-27T03:05:32.462Z] ℹ️  Command executed: study by nguynquminhh
