[2026-04-10T05:53:48.975Z] ℹ️  📅 EventStateManager initialized
[2026-04-10T05:53:48.976Z] ℹ️  📊 StatsCollector initialized
[2026-04-10T05:53:48.976Z] ℹ️  [MongoDB] Đang kết nối...
[2026-04-10T05:53:48.982Z] ❌ ❌ Lỗi kết nối MongoDB:
mongodb+srv URI cannot have port number
[2026-04-10T05:53:48.982Z] ℹ️  [MongoDB] Retry kết nối sau 5 giây...
[2026-04-10T05:54:02.653Z] ℹ️  [MongoDB] Đang kết nối...
[2026-04-10T05:54:02.658Z] ❌ ❌ Lỗi kết nối MongoDB:
mongodb+srv URI cannot have port number
[2026-04-10T05:54:02.659Z] ℹ️  [MongoDB] Retry kết nối sau 5 giây...
[2026-04-10T05:54:37.763Z] ❌ ❌ Retry thất bại:
[2026-04-10T06:14:35.571Z] ℹ️  [MongoDB] Đang kết nối...
[2026-04-10T06:14:35.571Z] ❌ ❌ Lỗi kết nối MongoDB:
MONGODB_URI environment variable is not defined. Failing securely.
[2026-04-10T06:14:35.572Z] ℹ️  [MongoDB] Retry kết nối sau 5 giây...
[2026-04-10T06:14:40.578Z] ❌ ❌ Retry thất bại:
The `uri` parameter to `openUri()` must be a string, got "undefined". Make sure the first parameter to `mongoose.connect()` or `mongoose.createConnection()` is a string.
[2026-04-10T07:15:27.972Z] ℹ️  [MongoDB] Đang kết nối...
[2026-04-10T07:15:58.058Z] ❌ ❌ Lỗi kết nối MongoDB:
Could not connect to any servers in your MongoDB Atlas cluster. One common reason is that you're trying to access the database from an IP that isn't whitelisted. Make sure your current IP address is on your Atlas cluster's IP whitelist: https://www.mongodb.com/docs/atlas/security-whitelist/
[2026-04-10T07:15:58.058Z] ℹ️  [MongoDB] Retry kết nối sau 5 giây...
[2026-04-10T07:16:33.071Z] ❌ ❌ Retry thất bại:
Could not connect to any servers in your MongoDB Atlas cluster. One common reason is that you're trying to access the database from an IP that isn't whitelisted. Make sure your current IP address is on your Atlas cluster's IP whitelist: https://www.mongodb.com/docs/atlas/security-whitelist/
