[2026-03-18T03:07:31.309Z] ℹ️  📊 StatsCollector initialized
[2026-03-18T03:07:31.314Z] ℹ️  ✅ SQLite connected: C:\Users\quang\Desktop\abcxyz\html\portfolio\discord-stats-bot\src\logs\miraiv3.db
[2026-03-18T03:07:31.315Z] ℹ️  ✅ Đã kết nối MongoDB
[2026-03-18T03:07:31.316Z] ℹ️  ✅ Loaded 1 commands
[2026-03-18T03:07:31.316Z] ℹ️  ✅ Đã load Commands
[2026-03-18T03:07:31.319Z] ℹ️  ✅ Loaded 5 events
[2026-03-18T03:07:31.319Z] ℹ️  ✅ Đã load Events
[2026-03-18T03:07:32.636Z] ℹ️  ✅ Bot logged in as qminh#6877
[2026-03-18T03:07:32.636Z] ℹ️  🎯 Bot is in 0 guilds
[2026-03-18T03:07:32.647Z] ℹ️  🌐 API Server running on http://localhost:3000
[2026-03-18T03:12:45.288Z] ℹ️  📊 StatsCollector initialized
[2026-03-18T03:12:45.290Z] ℹ️  ✅ SQLite connected: C:\Users\quang\Desktop\abcxyz\html\portfolio\discord-stats-bot\src\logs\miraiv3.db
[2026-03-18T03:12:45.291Z] ℹ️  ✅ Đã kết nối MongoDB
[2026-03-18T03:12:45.292Z] ℹ️  ✅ Loaded 1 commands
[2026-03-18T03:12:45.293Z] ℹ️  ✅ Đã load Commands
[2026-03-18T03:12:45.295Z] ℹ️  ✅ Loaded 5 events
[2026-03-18T03:12:45.295Z] ℹ️  ✅ Đã load Events
[2026-03-18T03:12:46.750Z] ℹ️  ✅ Bot logged in as mimiyeu#5298
[2026-03-18T03:12:46.751Z] ℹ️  🎯 Bot is in 1 guilds
[2026-03-18T03:12:46.756Z] ℹ️  🌐 API Server running on http://localhost:3000
[2026-03-18T03:29:07.260Z] ℹ️  📊 StatsCollector initialized
[2026-03-18T03:29:07.263Z] ℹ️  ✅ SQLite connected: C:\Users\quang\Desktop\abcxyz\html\portfolio\discord-stats-bot\src\database\data\mimi.db
[2026-03-18T03:29:07.264Z] ℹ️  ✅ Đã kết nối MongoDB
[2026-03-18T03:29:07.265Z] ℹ️  ✅ Loaded 1 commands
[2026-03-18T03:29:07.266Z] ℹ️  ✅ Đã load Commands
[2026-03-18T03:29:07.268Z] ℹ️  ✅ Loaded 5 events
[2026-03-18T03:29:07.269Z] ℹ️  ✅ Đã load Events
[2026-03-18T03:29:08.667Z] ℹ️  ✅ Bot logged in as mimiyeu#5298
[2026-03-18T03:29:08.668Z] ℹ️  🎯 Bot is in 1 guilds
[2026-03-18T03:29:08.674Z] ℹ️  🌐 API Server running on http://localhost:3000
[2026-03-18T03:34:10.092Z] ℹ️  📊 StatsCollector initialized
[2026-03-18T03:34:10.095Z] ℹ️  ✅ SQLite connected: C:\Users\quang\Desktop\abcxyz\html\portfolio\discord-stats-bot\src\database\data\mimi.db
[2026-03-18T03:34:10.096Z] ℹ️  ✅ Đã kết nối MongoDB
[2026-03-18T03:34:10.099Z] ℹ️  ✅ Loaded 3 commands
[2026-03-18T03:34:10.099Z] ℹ️  ✅ Đã load Commands
[2026-03-18T03:34:10.102Z] ℹ️  ✅ Loaded 5 events
[2026-03-18T03:34:10.102Z] ℹ️  ✅ Đã load Events
[2026-03-18T03:34:11.491Z] ℹ️  ✅ Bot logged in as mimiyeu#5298
[2026-03-18T03:34:11.492Z] ℹ️  🎯 Bot is in 1 guilds
[2026-03-18T03:34:11.498Z] ℹ️  🌐 API Server running on http://localhost:3000
[2026-03-18T03:34:35.828Z] ℹ️  ✅ Loaded command: spam
[2026-03-18T03:34:36.425Z] ℹ️  Command: nguynquminhh used cmd load
[2026-03-18T03:34:36.426Z] ℹ️  Command executed: cmd by nguynquminhh
[2026-03-18T03:35:14.036Z] ℹ️  Command executed: spam by nguynquminhh
[2026-03-18T03:35:21.404Z] ℹ️  Command executed: spam by nguynquminhh
[2026-03-18T03:35:36.610Z] ℹ️  Command executed: spam by nguynquminhh
[2026-03-18T03:36:12.343Z] ℹ️  ✅ Member joined: lifeislukez_ in webhook
[2026-03-18T03:36:38.470Z] ℹ️  Command executed: spam by nguynquminhh
[2026-03-18T03:41:18.163Z] ℹ️  Command executed: ping by nguynquminhh
[2026-03-18T03:43:15.823Z] ℹ️  ✅ Loaded command: spam
[2026-03-18T03:43:16.399Z] ℹ️  Command: nguynquminhh used cmd load
[2026-03-18T03:43:16.400Z] ℹ️  Command executed: cmd by nguynquminhh
[2026-03-18T03:47:17.793Z] ℹ️  ✅ Loaded command: spam
[2026-03-18T03:47:18.342Z] ℹ️  Command: nguynquminhh used cmd load
[2026-03-18T03:47:18.343Z] ℹ️  Command executed: cmd by nguynquminhh
[2026-03-18T03:47:33.378Z] ℹ️  Spam started by nguynquminhh in webhook
[2026-03-18T03:47:33.379Z] ℹ️  Command: nguynquminhh used spam start
[2026-03-18T03:47:33.382Z] ℹ️  Command executed: spam by nguynquminhh
[2026-03-18T03:47:38.602Z] ℹ️  Spam #1 sent | Targets: lifeislukez_
[2026-03-18T03:47:43.645Z] ℹ️  Spam #2 sent | Targets: lifeislukez_
[2026-03-18T03:47:48.673Z] ℹ️  Spam #3 sent | Targets: lifeislukez_
[2026-03-18T03:47:53.619Z] ℹ️  Spam #4 sent | Targets: lifeislukez_
[2026-03-18T03:47:58.559Z] ℹ️  Spam #5 sent | Targets: lifeislukez_
[2026-03-18T03:48:04.189Z] ℹ️  Spam #6 sent | Targets: lifeislukez_
[2026-03-18T03:48:08.604Z] ℹ️  Spam #7 sent | Targets: lifeislukez_
[2026-03-18T03:48:13.636Z] ℹ️  Spam #8 sent | Targets: lifeislukez_
[2026-03-18T03:48:18.637Z] ℹ️  Spam #9 sent | Targets: lifeislukez_
[2026-03-18T03:48:23.622Z] ℹ️  Spam #10 sent | Targets: lifeislukez_
[2026-03-18T03:48:28.642Z] ℹ️  Spam #11 sent | Targets: lifeislukez_
[2026-03-18T03:48:33.639Z] ℹ️  Spam #12 sent | Targets: lifeislukez_
[2026-03-18T03:48:38.821Z] ℹ️  Spam #13 sent | Targets: lifeislukez_
[2026-03-18T03:48:43.731Z] ℹ️  Spam #14 sent | Targets: lifeislukez_
[2026-03-18T03:48:48.648Z] ℹ️  Spam #15 sent | Targets: lifeislukez_
[2026-03-18T03:48:53.842Z] ℹ️  Spam #16 sent | Targets: lifeislukez_
[2026-03-18T03:48:58.844Z] ℹ️  Spam #17 sent | Targets: lifeislukez_
[2026-03-18T03:49:03.937Z] ℹ️  Spam #18 sent | Targets: lifeislukez_
[2026-03-18T03:49:08.699Z] ℹ️  Spam #19 sent | Targets: lifeislukez_
[2026-03-18T03:49:13.754Z] ℹ️  Spam #20 sent | Targets: lifeislukez_
[2026-03-18T03:49:14.923Z] ℹ️  Spam stopped by nguynquminhh
[2026-03-18T03:49:14.924Z] ℹ️  Command: nguynquminhh used spam stop
[2026-03-18T03:49:14.926Z] ℹ️  Command executed: spam by nguynquminhh
[2026-03-18T03:51:01.545Z] ℹ️  Command executed: cmd by nguynquminhh
[2026-03-18T03:51:05.136Z] ℹ️  ✅ Loaded command: findanime
[2026-03-18T03:51:05.731Z] ℹ️  Command: nguynquminhh used cmd load
[2026-03-18T03:51:05.734Z] ℹ️  Command executed: cmd by nguynquminhh
[2026-03-18T03:51:27.524Z] ℹ️  📊 StatsCollector initialized
[2026-03-18T03:51:27.526Z] ℹ️  ✅ SQLite connected: C:\Users\quang\Desktop\abcxyz\html\portfolio\discord-stats-bot\src\database\data\mimi.db
[2026-03-18T03:51:27.527Z] ℹ️  ✅ Đã kết nối MongoDB
[2026-03-18T03:51:27.562Z] ℹ️  ✅ Loaded 4 commands
[2026-03-18T03:51:27.564Z] ℹ️  ✅ Đã load Commands
[2026-03-18T03:51:27.569Z] ℹ️  ✅ Loaded 5 events
[2026-03-18T03:51:27.570Z] ℹ️  ✅ Đã load Events
[2026-03-18T03:51:29.020Z] ℹ️  ✅ Bot logged in as mimiyeu#5298
[2026-03-18T03:51:29.021Z] ℹ️  🎯 Bot is in 1 guilds
[2026-03-18T03:51:29.028Z] ℹ️  🌐 API Server running on http://localhost:3000
[2026-03-18T03:52:00.867Z] ℹ️  Downloading video preview for result #1...
[2026-03-18T03:52:02.954Z] ℹ️  Video preview #1 sent successfully
[2026-03-18T03:52:04.463Z] ℹ️  Downloading video preview for result #2...
[2026-03-18T03:52:05.753Z] ℹ️  Video preview #2 sent successfully
[2026-03-18T03:52:10.155Z] ℹ️  Command: nguynquminhh used findanime in webhook
[2026-03-18T03:52:10.160Z] ℹ️  Command executed: findanime by nguynquminhh
[2026-03-18T03:55:05.291Z] ℹ️  ✅ Loaded command: github
[2026-03-18T03:55:05.891Z] ℹ️  Command: nguynquminhh used cmd load
[2026-03-18T03:55:05.894Z] ℹ️  Command executed: cmd by nguynquminhh
[2026-03-18T03:55:10.047Z] ℹ️  Command: nguynquminhh searched user nguynquminh
[2026-03-18T03:55:10.049Z] ℹ️  Command executed: github by nguynquminhh
[2026-03-18T03:57:06.389Z] ❌ Error loading command dragonball:
Error: Cannot find module 'fs-extra'
Require stack:
- C:\Users\quang\Desktop\abcxyz\html\portfolio\discord-stats-bot\src\commands\dragonball.js
- C:\Users\quang\Desktop\abcxyz\html\portfolio\discord-stats-bot\src\commands\cmd.js
- C:\Users\quang\Desktop\abcxyz\html\portfolio\discord-stats-bot\src\handlers\commandHandler.js
- C:\Users\quang\Desktop\abcxyz\html\portfolio\discord-stats-bot\index.js
    at Module._resolveFilename (node:internal/modules/cjs/loader:1475:15)
    at wrapResolveFilename (node:internal/modules/cjs/loader:1048:27)
    at defaultResolveImplForCJSLoading (node:internal/modules/cjs/loader:1072:10)
    at resolveForCJSWithHooks (node:internal/modules/cjs/loader:1093:12)
    at Module._load (node:internal/modules/cjs/loader:1261:25)
    at wrapModuleLoad (node:internal/modules/cjs/loader:255:19)
    at Module.require (node:internal/modules/cjs/loader:1575:12)
    at require (node:internal/modules/helpers:191:16)
    at Object.<anonymous> (C:\Users\quang\Desktop\abcxyz\html\portfolio\discord-stats-bot\src\commands\dragonball.js:3:12)
    at Module._compile (node:internal/modules/cjs/loader:1829:14)
[2026-03-18T03:57:06.998Z] ℹ️  Command: nguynquminhh used cmd load
[2026-03-18T03:57:07.000Z] ℹ️  Command executed: cmd by nguynquminhh
[2026-03-18T03:57:27.276Z] ℹ️  📊 StatsCollector initialized
[2026-03-18T03:57:27.280Z] ℹ️  ✅ SQLite connected: C:\Users\quang\Desktop\abcxyz\html\portfolio\discord-stats-bot\src\database\data\mimi.db
[2026-03-18T03:57:27.281Z] ℹ️  ✅ Đã kết nối MongoDB
[2026-03-18T03:57:27.335Z] ℹ️  ✅ Loaded 6 commands
[2026-03-18T03:57:27.336Z] ℹ️  ✅ Đã load Commands
[2026-03-18T03:57:27.339Z] ℹ️  ✅ Loaded 5 events
[2026-03-18T03:57:27.340Z] ℹ️  ✅ Đã load Events
[2026-03-18T03:57:28.757Z] ℹ️  ✅ Bot logged in as mimiyeu#5298
[2026-03-18T03:57:28.758Z] ℹ️  🎯 Bot is in 1 guilds
[2026-03-18T03:57:28.763Z] ℹ️  🌐 API Server running on http://localhost:3000
[2026-03-18T03:57:45.948Z] ℹ️  Command: nguynquminhh used dragonball list
[2026-03-18T03:57:45.949Z] ℹ️  Command executed: dragonball by nguynquminhh
[2026-03-18T03:58:22.386Z] ℹ️  Command: nguynquminhh used dragonball info
[2026-03-18T03:58:22.388Z] ℹ️  Command executed: dragonball by nguynquminhh
[2026-03-18T03:59:31.351Z] ℹ️  ✅ Loaded command: dragonball
[2026-03-18T03:59:32.088Z] ℹ️  Command: nguynquminhh used cmd load
[2026-03-18T03:59:32.090Z] ℹ️  Command executed: cmd by nguynquminhh
[2026-03-18T04:00:00.667Z] ℹ️  Lệnh: nguynquminhh đã dùng dragonball info
[2026-03-18T04:00:00.668Z] ℹ️  Command executed: dragonball by nguynquminhh
[2026-03-18T04:01:01.173Z] ℹ️  ✅ Loaded command: dragonball
[2026-03-18T04:01:01.811Z] ℹ️  Command: nguynquminhh used cmd load
[2026-03-18T04:01:01.815Z] ℹ️  Command executed: cmd by nguynquminhh
[2026-03-18T04:07:07.369Z] ℹ️  ✅ Loaded command: music
[2026-03-18T04:07:08.028Z] ℹ️  Command: nguynquminhh used cmd load
[2026-03-18T04:07:08.030Z] ℹ️  Command executed: cmd by nguynquminhh
[2026-03-18T04:07:14.762Z] ℹ️  Command: nguynquminhh searched music "không buông"
[2026-03-18T04:07:14.765Z] ℹ️  Command executed: music by nguynquminhh
[2026-03-18T04:09:37.746Z] ℹ️  📊 StatsCollector initialized
[2026-03-18T04:09:37.748Z] ℹ️  ✅ SQLite connected: C:\Users\quang\Desktop\abcxyz\html\portfolio\discord-stats-bot\src\database\data\mimi.db
[2026-03-18T04:09:37.750Z] ℹ️  ✅ Đã kết nối MongoDB
[2026-03-18T04:09:37.800Z] ℹ️  ✅ Loaded 7 commands
[2026-03-18T04:09:37.801Z] ℹ️  ✅ Đã load Commands
[2026-03-18T04:09:37.805Z] ℹ️  ✅ Loaded 5 events
[2026-03-18T04:09:37.805Z] ℹ️  ✅ Đã load Events
[2026-03-18T04:09:39.210Z] ℹ️  ✅ Bot logged in as mimiyeu#5298
[2026-03-18T04:09:39.211Z] ℹ️  🎯 Bot is in 1 guilds
[2026-03-18T04:09:39.218Z] ℹ️  🌐 API Server running on http://localhost:3000
[2026-03-18T04:09:50.794Z] ❌ Music search error:
undefined
[2026-03-18T04:09:51.177Z] ℹ️  Command executed: music by nguynquminhh
[2026-03-18T04:10:03.640Z] ❌ Music search error:
undefined
[2026-03-18T04:10:04.097Z] ℹ️  Command executed: music by nguynquminhh
[2026-03-18T04:10:59.431Z] ℹ️  ✅ Loaded command: music
[2026-03-18T04:11:00.088Z] ℹ️  Command: nguynquminhh used cmd load
[2026-03-18T04:11:00.090Z] ℹ️  Command executed: cmd by nguynquminhh
[2026-03-18T04:11:03.589Z] ℹ️  Command executed: music by nguynquminhh
[2026-03-18T04:11:47.137Z] ℹ️  ✅ Loaded command: music
[2026-03-18T04:11:48.497Z] ℹ️  Command: nguynquminhh used cmd load
[2026-03-18T04:11:48.500Z] ℹ️  Command executed: cmd by nguynquminhh
[2026-03-18T04:11:52.694Z] ℹ️  Command executed: music by nguynquminhh
[2026-03-18T04:12:37.579Z] ℹ️  ✅ Loaded command: music
[2026-03-18T04:12:38.210Z] ℹ️  Command: nguynquminhh used cmd load
[2026-03-18T04:12:38.211Z] ℹ️  Command executed: cmd by nguynquminhh
[2026-03-18T04:12:41.456Z] ❌ Music search error:
undefined
[2026-03-18T04:12:41.853Z] ℹ️  Command executed: music by nguynquminhh
[2026-03-18T04:13:09.625Z] ℹ️  ✅ Loaded command: music
[2026-03-18T04:13:10.176Z] ℹ️  Command: nguynquminhh used cmd load
[2026-03-18T04:13:10.177Z] ℹ️  Command executed: cmd by nguynquminhh
[2026-03-18T04:13:13.573Z] ❌ Music search error:
undefined
[2026-03-18T04:13:13.948Z] ℹ️  Command executed: music by nguynquminhh
[2026-03-18T04:14:46.619Z] ℹ️  ✅ Loaded command: youtube
[2026-03-18T04:14:47.310Z] ℹ️  Command: nguynquminhh used cmd load
[2026-03-18T04:14:47.311Z] ℹ️  Command executed: cmd by nguynquminhh
[2026-03-18T04:14:52.805Z] ℹ️  nguynquminhh tìm kiếm: double take
[2026-03-18T04:14:53.994Z] ℹ️  Tìm được 5 video
[2026-03-18T04:14:54.374Z] ℹ️  Command executed: youtube by nguynquminhh
[2026-03-18T04:20:41.511Z] ℹ️  ✅ Loaded command: youtube
[2026-03-18T04:20:42.202Z] ℹ️  Command: nguynquminhh used cmd load
[2026-03-18T04:20:42.203Z] ℹ️  Command executed: cmd by nguynquminhh
[2026-03-18T04:20:45.085Z] ℹ️  nguynquminhh tìm kiếm: double take
[2026-03-18T04:20:46.447Z] ℹ️  Command executed: youtube by nguynquminhh
[2026-03-18T04:20:48.762Z] ℹ️  nguynquminhh chọn video: Dhruv - double take (Official Video)
[2026-03-18T04:20:49.133Z] ℹ️  Bắt đầu tải video từ: https://www.youtube.com/watch?v=R8FHtIhWqNo
[2026-03-18T04:20:53.983Z] ❌ Download error:
Error: Command failed: yt-dlp -f "bestvideo[ext=mp4][height<=720]+bestaudio[ext=m4a]/best[ext=mp4][height<=720]/best[height<=720]" --merge-output-format mp4 -o "C:\Users\quang\Desktop\abcxyz\html\portfolio\discord-stats-bot\src\cache\video_1773807649133.mp4" "https://www.youtube.com/watch?v=R8FHtIhWqNo"
WARNING: [youtube] R8FHtIhWqNo: Signature extraction failed: Some formats may be missing
WARNING: [youtube] R8FHtIhWqNo: Some web client https formats have been skipped as they are missing a url. The current session may have the SSAP (server-side ads) experiment which interferes with yt-dlp. Please see  https://github.com/yt-dlp/yt-dlp/issues/12482  for more details.
ERROR: [youtube] R8FHtIhWqNo: Requested format is not available. Use --list-formats for a list of available formats

    at genericNodeError (node:internal/errors:998:15)
    at wrappedFn (node:internal/errors:543:14)
    at ChildProcess.exithandler (node:child_process:417:12)
    at ChildProcess.emit (node:events:508:20)
    at maybeClose (node:internal/child_process:1108:16)
    at ChildProcess._handle.onexit (node:internal/child_process:305:5)
[2026-03-18T04:22:26.404Z] ℹ️  ✅ Loaded command: youtube
[2026-03-18T04:22:26.998Z] ℹ️  Command: nguynquminhh used cmd load
[2026-03-18T04:22:26.999Z] ℹ️  Command executed: cmd by nguynquminhh
[2026-03-18T04:22:31.036Z] ℹ️  nguynquminhh tìm kiếm: double take
[2026-03-18T04:22:32.481Z] ℹ️  Command executed: youtube by nguynquminhh
[2026-03-18T04:22:35.120Z] ℹ️  nguynquminhh chọn video: Dhruv - double take (Official Video)
[2026-03-18T04:22:35.480Z] ℹ️  Bắt đầu tải video từ: https://www.youtube.com/watch?v=R8FHtIhWqNo
[2026-03-18T04:22:39.741Z] ❌ Download error:
Error: Command failed: yt-dlp -f "bestvideo[ext=mp4][height<=720]+bestaudio[ext=m4a]/best[ext=mp4][height<=720]/best[height<=720]" --merge-output-format mp4 -o "C:\Users\quang\Desktop\abcxyz\html\portfolio\discord-stats-bot\src\cache\video_1773807755480.mp4" "https://www.youtube.com/watch?v=R8FHtIhWqNo"
WARNING: [youtube] R8FHtIhWqNo: Signature extraction failed: Some formats may be missing
WARNING: [youtube] R8FHtIhWqNo: Some web client https formats have been skipped as they are missing a url. The current session may have the SSAP (server-side ads) experiment which interferes with yt-dlp. Please see  https://github.com/yt-dlp/yt-dlp/issues/12482  for more details.
ERROR: [youtube] R8FHtIhWqNo: Requested format is not available. Use --list-formats for a list of available formats

    at genericNodeError (node:internal/errors:998:15)
    at wrappedFn (node:internal/errors:543:14)
    at ChildProcess.exithandler (node:child_process:417:12)
    at ChildProcess.emit (node:events:508:20)
    at maybeClose (node:internal/child_process:1108:16)
    at ChildProcess._handle.onexit (node:internal/child_process:305:5)
[2026-03-18T04:24:17.548Z] ℹ️  ✅ Loaded command: youtube
[2026-03-18T04:24:18.145Z] ℹ️  Command: nguynquminhh used cmd load
[2026-03-18T04:24:18.147Z] ℹ️  Command executed: cmd by nguynquminhh
[2026-03-18T04:24:20.684Z] ℹ️  nguynquminhh tìm kiếm: double take
[2026-03-18T04:24:22.437Z] ℹ️  Command executed: youtube by nguynquminhh
[2026-03-18T04:24:32.678Z] ℹ️  nguynquminhh chọn video: Dhruv - double take (Official Video)
[2026-03-18T04:24:33.117Z] ℹ️  Bắt đầu tải video từ: https://www.youtube.com/watch?v=R8FHtIhWqNo
[2026-03-18T04:24:37.518Z] ❌ Download error:
Error: Command failed: yt-dlp -f "bestvideo[ext=mp4][height<=720]+bestaudio[ext=m4a]/best[ext=mp4][height<=720]/best[height<=720]" --merge-output-format mp4 -o "C:\Users\quang\Desktop\abcxyz\html\portfolio\discord-stats-bot\src\cache\video_1773807873117.mp4" "https://www.youtube.com/watch?v=R8FHtIhWqNo"
WARNING: [youtube] R8FHtIhWqNo: Signature extraction failed: Some formats may be missing
WARNING: [youtube] R8FHtIhWqNo: Some web client https formats have been skipped as they are missing a url. The current session may have the SSAP (server-side ads) experiment which interferes with yt-dlp. Please see  https://github.com/yt-dlp/yt-dlp/issues/12482  for more details.
ERROR: [youtube] R8FHtIhWqNo: Requested format is not available. Use --list-formats for a list of available formats

    at genericNodeError (node:internal/errors:998:15)
    at wrappedFn (node:internal/errors:543:14)
    at ChildProcess.exithandler (node:child_process:417:12)
    at ChildProcess.emit (node:events:508:20)
    at maybeClose (node:internal/child_process:1108:16)
    at ChildProcess._handle.onexit (node:internal/child_process:305:5)
[2026-03-18T04:27:36.907Z] ℹ️  📊 StatsCollector initialized
[2026-03-18T04:27:36.909Z] ℹ️  ✅ SQLite connected: C:\Users\quang\Desktop\abcxyz\html\portfolio\discord-stats-bot\src\database\data\mimi.db
[2026-03-18T04:27:36.910Z] ℹ️  ✅ Đã kết nối MongoDB
[2026-03-18T04:27:36.969Z] ℹ️  ✅ Loaded 8 commands
[2026-03-18T04:27:36.970Z] ℹ️  ✅ Đã load Commands
[2026-03-18T04:27:36.974Z] ℹ️  ✅ Loaded 5 events
[2026-03-18T04:27:36.974Z] ℹ️  ✅ Đã load Events
[2026-03-18T04:27:38.357Z] ℹ️  ✅ Bot logged in as mimiyeu#5298
[2026-03-18T04:27:38.358Z] ℹ️  🎯 Bot is in 1 guilds
[2026-03-18T04:27:38.369Z] ℹ️  🌐 API Server running on http://localhost:3000
[2026-03-18T04:27:45.558Z] ℹ️  nguynquminhh tìm kiếm: double take
[2026-03-18T04:27:47.953Z] ℹ️  Command executed: youtube by nguynquminhh
[2026-03-18T04:27:49.937Z] ℹ️  nguynquminhh chọn video: Dhruv - double take (Official Video)
[2026-03-18T04:27:50.997Z] ℹ️  Thử cách 1: yt-dlp -f bv[height<=720]+ba/b[height<=720]/bv+ba/b --merge-output-format mp4 --no-playlist --extractor-args youtube:player_client=tv,mediaconnect --socket-timeout 30 -o C:\Users\quang\Desktop\abcxyz\html\portfolio\discord-stats-bot\src\cache\video_1773808070285.mp4 https://www.youtube.com/watch?v=R8FHtIhWqNo
[2026-03-18T04:27:51.024Z] ⚠️  ❌ Cách 1 thất bại: Command failed: yt-dlp -f bv[height<=720]+ba/b[height<=720]/bv+ba/b --merge-output-format mp4 --no-playlist --extractor-args youtube:player_client=tv,mediaconnect --socket-timeout 30 -o C:\Users\quang
[2026-03-18T04:27:51.025Z] ℹ️  Thử cách 2: yt-dlp -f b[height<=720]/b --merge-output-format mp4 --no-playlist --extractor-args youtube:player_client=android --socket-timeout 30 -o C:\Users\quang\Desktop\abcxyz\html\portfolio\discord-stats-bot\src\cache\video_1773808070285.mp4 https://www.youtube.com/watch?v=R8FHtIhWqNo
[2026-03-18T04:27:51.038Z] ⚠️  ❌ Cách 2 thất bại: Command failed: yt-dlp -f b[height<=720]/b --merge-output-format mp4 --no-playlist --extractor-args youtube:player_client=android --socket-timeout 30 -o C:\Users\quang\Desktop\abcxyz\html\portfolio\di
[2026-03-18T04:27:51.040Z] ℹ️  Thử cách 3: yt-dlp -f b[height<=720]/b --merge-output-format mp4 --no-playlist --cookies-from-browser chrome --socket-timeout 30 -o C:\Users\quang\Desktop\abcxyz\html\portfolio\discord-stats-bot\src\cache\video_1773808070285.mp4 https://www.youtube.com/watch?v=R8FHtIhWqNo
[2026-03-18T04:27:51.052Z] ⚠️  ❌ Cách 3 thất bại: Command failed: yt-dlp -f b[height<=720]/b --merge-output-format mp4 --no-playlist --cookies-from-browser chrome --socket-timeout 30 -o C:\Users\quang\Desktop\abcxyz\html\portfolio\discord-stats-bot\s
[2026-03-18T04:27:51.052Z] ℹ️  Thử cách 4: yt-dlp --merge-output-format mp4 --no-playlist --socket-timeout 30 -o C:\Users\quang\Desktop\abcxyz\html\portfolio\discord-stats-bot\src\cache\video_1773808070285.mp4 https://www.youtube.com/watch?v=R8FHtIhWqNo
[2026-03-18T04:28:05.178Z] ℹ️  ✅ Cách 4 thành công!
[2026-03-18T04:31:05.633Z] ℹ️  📊 StatsCollector initialized
[2026-03-18T04:31:05.636Z] ℹ️  ✅ SQLite connected: C:\Users\quang\Desktop\abcxyz\html\portfolio\discord-stats-bot\src\database\data\mimi.db
[2026-03-18T04:31:05.637Z] ℹ️  ✅ Đã kết nối MongoDB
[2026-03-18T04:31:05.691Z] ℹ️  ✅ Loaded 8 commands
[2026-03-18T04:31:05.693Z] ℹ️  ✅ Đã load Commands
[2026-03-18T04:31:05.695Z] ℹ️  ✅ Loaded 5 events
[2026-03-18T04:31:05.696Z] ℹ️  ✅ Đã load Events
[2026-03-18T04:31:07.055Z] ℹ️  ✅ Bot logged in as mimiyeu#5298
[2026-03-18T04:31:07.056Z] ℹ️  🎯 Bot is in 1 guilds
[2026-03-18T04:31:07.061Z] ℹ️  🌐 API Server running on http://localhost:3000
[2026-03-18T04:31:10.869Z] ℹ️  nguynquminhh tìm kiếm: double take
[2026-03-18T04:31:12.056Z] ℹ️  ✅ Tìm được 5 video
[2026-03-18T04:31:12.471Z] ℹ️  Command executed: youtube by nguynquminhh
[2026-03-18T04:31:16.547Z] ℹ️  nguynquminhh chọn: Dhruv - double take (Official Video)
[2026-03-18T04:31:16.985Z] ℹ️  📥 Bắt đầu tải: Dhruv - double take (Official Video)
[2026-03-18T04:31:17.665Z] ℹ️  🔄 Thử: 480p (Tối ưu Discord)
[2026-03-18T04:31:17.680Z] ⚠️  ❌ 480p (Tối ưu Discord) thất bại
[2026-03-18T04:31:17.680Z] ℹ️  🔄 Thử: 360p (Ultra compact)
[2026-03-18T04:31:17.692Z] ⚠️  ❌ 360p (Ultra compact) thất bại
[2026-03-18T04:31:17.693Z] ℹ️  🔄 Thử: Auto (Không filter)
[2026-03-18T04:31:30.676Z] ℹ️  ✅ Thành công với: Auto (Không filter)
[2026-03-18T04:31:30.677Z] ℹ️  ⚠️ File 55.03MB > 25MB, bắt đầu nén...
[2026-03-18T04:31:31.246Z] ℹ️  🔄 Compressing: 55.03MB → 24MB...
[2026-03-18T04:31:31.306Z] ℹ️  📊 Duration: 169.7s | Video: 900kbps | Audio: 226kbps
[2026-03-18T04:31:31.307Z] ℹ️  🎬 Executing FFmpeg...
[2026-03-18T04:32:26.461Z] ℹ️  ✅ Compress thành công: 55.03MB → 20.35MB
[2026-03-18T04:32:35.105Z] ❌ ❌ Send error:
undefined
[2026-03-18T04:34:20.419Z] ℹ️  ✅ Loaded command: youtube
[2026-03-18T04:34:21.217Z] ℹ️  Command: nguynquminhh used cmd load
[2026-03-18T04:34:21.221Z] ℹ️  Command executed: cmd by nguynquminhh
[2026-03-18T04:34:27.674Z] ℹ️  nguynquminhh tìm kiếm: double take
[2026-03-18T04:34:28.761Z] ℹ️  ✅ Tìm được 25 video
[2026-03-18T04:34:29.156Z] ℹ️  Command executed: youtube by nguynquminhh
[2026-03-18T04:34:35.808Z] ℹ️  nguynquminhh chọn: Dhruv - double take (Official Video)
[2026-03-18T04:34:36.229Z] ℹ️  📥 Bắt đầu tải: Dhruv - double take (Official Video)
[2026-03-18T04:34:36.678Z] ℹ️  🔄 Thử: 480p (Tối ưu Discord)
[2026-03-18T04:34:36.710Z] ⚠️  ❌ 480p (Tối ưu Discord) thất bại: Command failed: yt-dlp -f wv[height<=480]/bv[height<=480]+ba/b[height<=480] --merge-output-format mp
[2026-03-18T04:34:36.711Z] ℹ️  🔄 Thử: 360p (Ultra compact)
[2026-03-18T04:34:36.726Z] ⚠️  ❌ 360p (Ultra compact) thất bại: Command failed: yt-dlp -f wv[height<=360]/bv[height<=360]+ba/b[height<=360] --merge-output-format mp
[2026-03-18T04:34:36.726Z] ℹ️  🔄 Thử: Auto (Không filter)
[2026-03-18T04:34:49.119Z] ℹ️  ✅ Thành công với: Auto (Không filter)
[2026-03-18T04:34:49.120Z] ℹ️  ⚠️ File 55.03MB > 25MB, bắt đầu nén...
[2026-03-18T04:34:49.589Z] ℹ️  🔄 Compressing: 55.03MB → 24MB...
[2026-03-18T04:34:49.661Z] ℹ️  📊 Video duration: 169.7s
[2026-03-18T04:34:49.661Z] ℹ️  📊 Bitrate: Video 900k + Audio 226k
[2026-03-18T04:34:49.662Z] ℹ️  🎬 Executing FFmpeg compress...
[2026-03-18T04:35:41.136Z] ℹ️  ✅ Compress thành công: 55.03MB → 20.35MB
[2026-03-18T04:35:41.143Z] ℹ️  ✅ Compress xong: 20.35MB
[2026-03-18T04:35:41.143Z] ℹ️  📤 Gửi file: 20.35MB
[2026-03-18T04:35:52.604Z] ❌ ❌ Send error:
undefined
[2026-03-18T04:35:52.605Z] ❌ Error stack:
undefined
[2026-03-18T04:57:38.533Z] ℹ️  ✅ Loaded command: youtube
[2026-03-18T04:57:39.083Z] ℹ️  Command: nguynquminhh used cmd load
[2026-03-18T04:57:39.085Z] ℹ️  Command executed: cmd by nguynquminhh
[2026-03-18T04:57:43.429Z] ℹ️  nguynquminhh tìm kiếm: double take
[2026-03-18T04:57:44.547Z] ℹ️  ✅ Tìm được 5 video
[2026-03-18T04:57:44.951Z] ℹ️  Command executed: youtube by nguynquminhh
[2026-03-18T04:57:55.098Z] ℹ️  nguynquminhh chọn: dhruv – ​double take (Lyrics)
[2026-03-18T04:57:55.580Z] ℹ️  📥 Bắt đầu tải: dhruv – ​double take (Lyrics)
[2026-03-18T04:57:56.050Z] ℹ️  🔄 Thử: 480p (Tối ưu Discord)
[2026-03-18T04:57:56.067Z] ⚠️  ❌ 480p (Tối ưu Discord) thất bại: Command failed: yt-dlp -f wv[height<=480]/bv[height<=480]+ba/b[height<=480] --merge-output-format mp
[2026-03-18T04:57:56.067Z] ℹ️  🔄 Thử: 360p (Ultra compact)
[2026-03-18T04:57:56.079Z] ⚠️  ❌ 360p (Ultra compact) thất bại: Command failed: yt-dlp -f wv[height<=360]/bv[height<=360]+ba/b[height<=360] --merge-output-format mp
[2026-03-18T04:57:56.079Z] ℹ️  🔄 Thử: Auto (Không filter)
[2026-03-18T04:58:04.175Z] ℹ️  ✅ Thành công với: Auto (Không filter)
[2026-03-18T04:58:04.176Z] ℹ️  📊 File size: 10.87MB | Max allowed: 25MB
[2026-03-18T04:58:04.176Z] ℹ️  📤 Bắt đầu gửi file: 10.87MB
[2026-03-18T04:58:04.177Z] ℹ️  📝 File path: C:\Users\quang\Desktop\abcxyz\html\portfolio\discord-stats-bot\src\cache\video_1773809875580.mp4
[2026-03-18T04:58:04.177Z] ℹ️  ✅ File tồn tại: true
[2026-03-18T04:58:04.178Z] ℹ️  ✅ File readable OK
[2026-03-18T04:58:04.179Z] ℹ️  🔨 Tạo AttachmentBuilder...
[2026-03-18T04:58:04.179Z] ℹ️  ✅ AttachmentBuilder tạo thành công
[2026-03-18T04:58:04.180Z] ℹ️  📤 Gửi message với file...
[2026-03-18T04:58:10.426Z] ❌ ❌ ======================== SEND ERROR ========================
[2026-03-18T04:58:10.428Z] ❌ Error type:
undefined
[2026-03-18T04:58:10.429Z] ❌ Error constructor:
undefined
[2026-03-18T04:58:11.336Z] ❌ Full error object:
undefined
[2026-03-18T04:58:11.337Z] ❌ Error.message:
undefined
[2026-03-18T04:58:11.338Z] ❌ Error.stack:
undefined
[2026-03-18T04:58:11.338Z] ❌ Error.code:
undefined
[2026-03-18T04:58:11.339Z] ❌ Error.status:
undefined
[2026-03-18T04:58:11.339Z] ❌ Error.response:
[2026-03-18T04:58:11.340Z] ❌ ❌ ============================================================
[2026-03-18T11:27:06.823Z] ℹ️  📊 StatsCollector initialized
[2026-03-18T11:27:06.825Z] ℹ️  ✅ SQLite connected: C:\Users\quang\Desktop\abcxyz\html\portfolio\discord-stats-bot\src\database\data\mimi.db
[2026-03-18T11:27:06.825Z] ℹ️  ✅ Đã kết nối MongoDB
[2026-03-18T11:27:06.903Z] ℹ️  ✅ Loaded 8 commands
[2026-03-18T11:27:06.904Z] ℹ️  ✅ Đã load Commands
[2026-03-18T11:27:06.908Z] ℹ️  ✅ Loaded 5 events
[2026-03-18T11:27:06.909Z] ℹ️  ✅ Đã load Events
[2026-03-18T11:27:08.269Z] ℹ️  ✅ Bot logged in as mimiyeu#5298
[2026-03-18T11:27:08.270Z] ℹ️  🎯 Bot is in 1 guilds
[2026-03-18T11:27:08.275Z] ℹ️  🌐 API Server running on http://localhost:3000
[2026-03-18T12:14:53.012Z] ℹ️  ✅ Loaded command: tiktok
[2026-03-18T12:14:53.678Z] ℹ️  Command: nguynquminhh used cmd load
[2026-03-18T12:14:53.682Z] ℹ️  Command executed: cmd by nguynquminhh
[2026-03-18T12:15:38.890Z] ℹ️  Command executed: tiktok by nguynquminhh
[2026-03-18T12:16:37.239Z] ℹ️  Command executed: tiktok by nguynquminhh
[2026-03-18T12:20:43.669Z] ℹ️  ✅ Loaded command: tiktok
[2026-03-18T12:20:44.545Z] ℹ️  Command: nguynquminhh used cmd load
[2026-03-18T12:20:44.547Z] ℹ️  Command executed: cmd by nguynquminhh
[2026-03-18T12:20:55.245Z] ℹ️  Command executed: tiktok by nguynquminhh
[2026-03-18T12:21:32.507Z] ℹ️  ✅ Loaded command: tiktok
[2026-03-18T12:21:33.057Z] ℹ️  Command: nguynquminhh used cmd load
[2026-03-18T12:21:33.059Z] ℹ️  Command executed: cmd by nguynquminhh
[2026-03-18T12:21:44.273Z] ℹ️  Command executed: tiktok by nguynquminhh
[2026-03-18T12:26:16.536Z] ℹ️  ✅ Loaded command: tiktok
[2026-03-18T12:26:17.142Z] ℹ️  Command: nguynquminhh used cmd load
[2026-03-18T12:26:17.144Z] ℹ️  Command executed: cmd by nguynquminhh
[2026-03-18T12:26:33.432Z] ℹ️  Command executed: tiktok by nguynquminhh
[2026-03-18T12:27:11.336Z] ℹ️  ✅ Loaded command: tiktok
[2026-03-18T12:27:11.955Z] ℹ️  Command: nguynquminhh used cmd load
[2026-03-18T12:27:11.957Z] ℹ️  Command executed: cmd by nguynquminhh
[2026-03-18T12:27:29.930Z] ℹ️  Command executed: tiktok by nguynquminhh
[2026-03-18T15:07:03.913Z] ℹ️  ✅ Loaded command: naruto
[2026-03-18T15:07:04.487Z] ℹ️  Command: nguynquminhh used cmd load
[2026-03-18T15:07:04.489Z] ℹ️  Command executed: cmd by nguynquminhh
[2026-03-18T15:07:07.262Z] ℹ️  Command executed: naruto by nguynquminhh
[2026-03-18T15:07:19.468Z] ℹ️  Command executed: naruto by nguynquminhh
[2026-03-18T15:11:01.103Z] ℹ️  Command executed: naruto by nguynquminhh
[2026-03-18T17:43:27.831Z] ℹ️  ✅ Loaded command: manga
[2026-03-18T17:43:28.455Z] ℹ️  Command: nguynquminhh used cmd load
[2026-03-18T17:43:28.457Z] ℹ️  Command executed: cmd by nguynquminhh
[2026-03-18T17:43:36.749Z] ℹ️  Command executed: manga by nguynquminhh
[2026-03-19T05:42:55.531Z] ℹ️  ✅ Loaded command: manga
[2026-03-19T05:42:56.309Z] ℹ️  Command: nguynquminhh used cmd load
[2026-03-19T05:42:56.311Z] ℹ️  Command executed: cmd by nguynquminhh
[2026-03-19T05:43:02.848Z] ℹ️  Command executed: manga by nguynquminhh
