[2026-03-30T03:05:18.258Z] ℹ️  📅 EventStateManager initialized
[2026-03-30T03:05:18.259Z] ℹ️  📊 StatsCollector initialized
[2026-03-30T03:05:18.260Z] ℹ️  [MongoDB] Đang kết nối...
[2026-03-30T03:05:19.381Z] ℹ️  ✅ MongoDB kết nối thành công
[2026-03-30T03:05:19.457Z] ℹ️  ✅ Loaded 19 commands
[2026-03-30T03:05:19.457Z] ℹ️  ✅ Đã load Commands
[2026-03-30T03:05:19.683Z] ℹ️  ✅ Loaded 6 events
[2026-03-30T03:05:19.684Z] ℹ️  ✅ Đã load Events
[2026-03-30T03:05:21.681Z] ℹ️  ✅ Bot logged in as mimiyeu#5298
[2026-03-30T03:05:21.681Z] ℹ️  🎯 Bot is in 2 guilds
[2026-03-30T03:05:21.687Z] ℹ️  🌐 API Server running on http://localhost:3000
[2026-03-30T03:25:06.372Z] ℹ️  📅 EventStateManager initialized
[2026-03-30T03:25:06.372Z] ℹ️  📊 StatsCollector initialized
[2026-03-30T03:25:06.373Z] ℹ️  [MongoDB] Đang kết nối...
[2026-03-30T03:25:07.136Z] ℹ️  ✅ MongoDB kết nối thành công
[2026-03-30T03:25:07.233Z] ℹ️  ✅ Loaded 19 commands
[2026-03-30T03:25:07.234Z] ℹ️  ✅ Đã load Commands
[2026-03-30T03:25:07.466Z] ℹ️  ✅ Loaded 6 events
[2026-03-30T03:25:07.466Z] ℹ️  ✅ Đã load Events
[2026-03-30T03:25:09.254Z] ℹ️  ✅ Bot logged in as mimiyeu#5298
[2026-03-30T03:25:09.255Z] ℹ️  🎯 Bot is in 2 guilds
[2026-03-30T03:25:09.261Z] ℹ️  🌐 API Server running on http://localhost:3000
[2026-03-30T04:25:06.377Z] ℹ️  🧹 Event state cleanup — còn 0 event(s) trong memory
[2026-03-30T05:25:06.379Z] ℹ️  🧹 Event state cleanup — còn 0 event(s) trong memory
[2026-03-30T06:25:06.388Z] ℹ️  🧹 Event state cleanup — còn 0 event(s) trong memory
[2026-03-30T07:25:06.392Z] ℹ️  🧹 Event state cleanup — còn 0 event(s) trong memory
[2026-03-30T08:25:06.394Z] ℹ️  🧹 Event state cleanup — còn 0 event(s) trong memory
[2026-03-30T09:25:06.396Z] ℹ️  🧹 Event state cleanup — còn 0 event(s) trong memory
[2026-03-30T10:36:00.251Z] ℹ️  📅 EventStateManager initialized
[2026-03-30T10:36:00.251Z] ℹ️  📊 StatsCollector initialized
[2026-03-30T10:36:00.252Z] ℹ️  [MongoDB] Đang kết nối...
[2026-03-30T10:36:01.341Z] ℹ️  ✅ MongoDB kết nối thành công
[2026-03-30T10:36:01.407Z] ℹ️  ✅ Loaded 19 commands
[2026-03-30T10:36:01.408Z] ℹ️  ✅ Đã load Commands
[2026-03-30T10:36:01.590Z] ℹ️  ✅ Loaded 6 events
[2026-03-30T10:36:01.590Z] ℹ️  ✅ Đã load Events
[2026-03-30T10:36:03.192Z] ℹ️  ✅ Bot logged in as mimiyeu#5298
[2026-03-30T10:36:03.193Z] ℹ️  🎯 Bot is in 2 guilds
[2026-03-30T10:36:03.198Z] ℹ️  🌐 API Server running on http://localhost:3000
